<?xml version="1.0" encoding="UTF-8"?>
<!-- Generated by org.testng.reporters.JUnitReportReporter -->
<testsuite hostname="Pranil" name="framework.testng.TestSuite.Class2" tests="2" failures="0" timestamp="1 Sep 2021 13:24:46 GMT" time="0.004" errors="0">
  <testcase name="tc005" time="0.002" classname="framework.testng.TestSuite.Class2"/>
  <testcase name="tc006" time="0.002" classname="framework.testng.TestSuite.Class2"/>
</testsuite> <!-- framework.testng.TestSuite.Class2 -->
