<?xml version="1.0" encoding="UTF-8"?>
<!-- Generated by org.testng.reporters.JUnitReportReporter -->
<testsuite hostname="Pranil" name="framework.testng.Groups.TestSuite1" tests="2" failures="0" timestamp="1 Sep 2021 13:33:47 GMT" time="0.019" errors="0">
  <testcase name="tc003" time="0.003" classname="framework.testng.Groups.TestSuite1"/>
  <testcase name="tc001" time="0.016" classname="framework.testng.Groups.TestSuite1"/>
</testsuite> <!-- framework.testng.Groups.TestSuite1 -->
