<?xml version="1.0" encoding="UTF-8"?>
<!-- Generated by org.testng.reporters.JUnitReportReporter -->
<testsuite hostname="Pranil" name="framework.testng.TestSuite.Class3" tests="3" failures="0" timestamp="1 Sep 2021 13:17:04 GMT" time="0.022" errors="0">
  <testcase name="tc009" time="0.004" classname="framework.testng.TestSuite.Class3"/>
  <testcase name="tc007" time="0.007" classname="framework.testng.TestSuite.Class3"/>
  <testcase name="tc008" time="0.011" classname="framework.testng.TestSuite.Class3"/>
</testsuite> <!-- framework.testng.TestSuite.Class3 -->
