<?xml version="1.0" encoding="UTF-8"?>
<!-- Generated by org.testng.reporters.JUnitReportReporter -->
<testsuite hostname="Pranil" name="framework.testng.Groups.TestSuite3" tests="2" failures="0" timestamp="1 Sep 2021 13:33:47 GMT" time="0.002" errors="1">
  <testcase name="tc008" time="0.000" classname="framework.testng.Groups.TestSuite3">
    <error type="java.lang.Throwable" message="Method TestSuite3.tc008()[pri:0, instance:framework.testng.Groups.TestSuite3@23ceabc1] depends on not successfully finished methods in group &quot;Reg1&quot;">
      <![CDATA[java.lang.Throwable: Method TestSuite3.tc008()[pri:0, instance:framework.testng.Groups.TestSuite3@23ceabc1] depends on not successfully finished methods in group "Reg1"
	at org.testng.internal.Invoker.invokeTestMethods(Invoker.java:1028)
	at org.testng.internal.TestMethodWorker.invokeTestMethods(TestMethodWorker.java:129)
	at org.testng.internal.TestMethodWorker.run(TestMethodWorker.java:112)
	at org.testng.TestRunner.privateRun(TestRunner.java:746)
	at org.testng.TestRunner.run(TestRunner.java:600)
	at org.testng.SuiteRunner.runTest(SuiteRunner.java:366)
	at org.testng.SuiteRunner.runSequentially(SuiteRunner.java:361)
	at org.testng.SuiteRunner.privateRun(SuiteRunner.java:319)
	at org.testng.SuiteRunner.run(SuiteRunner.java:268)
	at org.testng.SuiteRunnerWorker.runSuite(SuiteRunnerWorker.java:52)
	at org.testng.SuiteRunnerWorker.run(SuiteRunnerWorker.java:86)
	at org.testng.TestNG.runSuitesSequentially(TestNG.java:1264)
	at org.testng.TestNG.runSuitesLocally(TestNG.java:1189)
	at org.testng.TestNG.runSuites(TestNG.java:1104)
	at org.testng.TestNG.run(TestNG.java:1076)
	at org.testng.remote.AbstractRemoteTestNG.run(AbstractRemoteTestNG.java:126)
	at org.testng.remote.RemoteTestNG.initAndRun(RemoteTestNG.java:152)
	at org.testng.remote.RemoteTestNG.main(RemoteTestNG.java:57)
]]>
    </error>
  </testcase> <!-- tc008 -->
  <testcase name="tc009" time="0.002" classname="framework.testng.Groups.TestSuite3"/>
</testsuite> <!-- framework.testng.Groups.TestSuite3 -->
