<?xml version="1.0" encoding="UTF-8"?>
<!-- Generated by org.testng.reporters.JUnitReportReporter -->
<testsuite hostname="Pranil" name="framework.testng.TestSuite.Class1" tests="2" failures="0" timestamp="1 Sep 2021 13:24:46 GMT" time="0.016" errors="0">
  <testcase name="tc001" time="0.015" classname="framework.testng.TestSuite.Class1"/>
  <testcase name="tc002" time="0.001" classname="framework.testng.TestSuite.Class1"/>
</testsuite> <!-- framework.testng.TestSuite.Class1 -->
